0 info it worked if it ends with ok
1 verbose cli [ 'D:\\Program Files\\nodejs\\node.exe',
1 verbose cli   'D:\\Program Files\\nodejs\\node_modules\\npm\\bin\\npm-cli.js',
1 verbose cli   'run',
1 verbose cli   'build' ]
2 info using npm@3.10.10
3 info using node@v6.10.3
4 verbose run-script [ 'prebuild', 'build', 'postbuild' ]
5 info lifecycle ReactDemo@0.0.1~prebuild: ReactDemo@0.0.1
6 silly lifecycle ReactDemo@0.0.1~prebuild: no script for prebuild, continuing
7 info lifecycle ReactDemo@0.0.1~build: ReactDemo@0.0.1
8 verbose lifecycle ReactDemo@0.0.1~build: unsafe-perm in lifecycle true
9 verbose lifecycle ReactDemo@0.0.1~build: PATH: D:\Program Files\nodejs\node_modules\npm\bin\node-gyp-bin;D:\sorcecode\ReactDemo\node_modules\.bin;D:\oracle\product\10.2.0\client_1\bin;C:\Windows\system32;C:\Windows;C:\Windows\System32\Wbem;C:\Windows\System32\WindowsPowerShell\v1.0\;D:\Program Files (x86)\Java\jdk1.7.0_80\bin;D:\Program Files (x86)\Java\jdk1.7.0_80\jre\bin;D:\Program Files (x86)\apache-maven-3.0.5\bin;D:\Program Files (x86)\TortoiseSVN\bin;D:\Program Files (x86)\ant\bin;D:\Program Files\nodejs\;C:\Users\BG289519\AppData\Roaming\npm
10 verbose lifecycle ReactDemo@0.0.1~build: CWD: D:\sorcecode\ReactDemo
11 silly lifecycle ReactDemo@0.0.1~build: Args: [ '/d /s /c', 'webpack' ]
12 silly lifecycle ReactDemo@0.0.1~build: Returned: code: 1  signal: null
13 info lifecycle ReactDemo@0.0.1~build: Failed to exec build script
14 verbose stack Error: ReactDemo@0.0.1 build: `webpack`
14 verbose stack Exit status 1
14 verbose stack     at EventEmitter.<anonymous> (D:\Program Files\nodejs\node_modules\npm\lib\utils\lifecycle.js:255:16)
14 verbose stack     at emitTwo (events.js:106:13)
14 verbose stack     at EventEmitter.emit (events.js:191:7)
14 verbose stack     at ChildProcess.<anonymous> (D:\Program Files\nodejs\node_modules\npm\lib\utils\spawn.js:40:14)
14 verbose stack     at emitTwo (events.js:106:13)
14 verbose stack     at ChildProcess.emit (events.js:191:7)
14 verbose stack     at maybeClose (internal/child_process.js:886:16)
14 verbose stack     at Process.ChildProcess._handle.onexit (internal/child_process.js:226:5)
15 verbose pkgid ReactDemo@0.0.1
16 verbose cwd D:\sorcecode\ReactDemo
17 error Windows_NT 6.1.7601
18 error argv "D:\\Program Files\\nodejs\\node.exe" "D:\\Program Files\\nodejs\\node_modules\\npm\\bin\\npm-cli.js" "run" "build"
19 error node v6.10.3
20 error npm  v3.10.10
21 error code ELIFECYCLE
22 error ReactDemo@0.0.1 build: `webpack`
22 error Exit status 1
23 error Failed at the ReactDemo@0.0.1 build script 'webpack'.
23 error Make sure you have the latest version of node.js and npm installed.
23 error If you do, this is most likely a problem with the ReactDemo package,
23 error not with npm itself.
23 error Tell the author that this fails on your system:
23 error     webpack
23 error You can get information on how to open an issue for this project with:
23 error     npm bugs ReactDemo
23 error Or if that isn't available, you can get their info via:
23 error     npm owner ls ReactDemo
23 error There is likely additional logging output above.
24 verbose exit [ 1, true ]
